-- Found ament_cmake: 1.3.12 (/opt/ros/humble/share/ament_cmake/cmake)
-- Found rclcpp: 16.0.15 (/opt/ros/humble/share/rclcpp/cmake)
-- Found rosidl_generator_c: 3.1.7 (/opt/ros/humble/share/rosidl_generator_c/cmake)
-- Found rosidl_adapter: 3.1.7 (/opt/ros/humble/share/rosidl_adapter/cmake)
-- Found rosidl_generator_cpp: 3.1.7 (/opt/ros/humble/share/rosidl_generator_cpp/cmake)
-- Using all available rosidl_typesupport_c: rosidl_typesupport_fastrtps_c;rosidl_typesupport_introspection_c
-- Using all available rosidl_typesupport_cpp: rosidl_typesupport_fastrtps_cpp;rosidl_typesupport_introspection_cpp
-- Found rmw_implementation_cmake: 6.1.2 (/opt/ros/humble/share/rmw_implementation_cmake/cmake)
-- Found rmw_fastrtps_cpp: 6.2.9 (/opt/ros/humble/share/rmw_fastrtps_cpp/cmake)
-- Using RMW implementation 'rmw_fastrtps_cpp' as default
-- Found gazebo_msgs: 3.9.0 (/opt/ros/humble/share/gazebo_msgs/cmake)
-- Found cv_bridge: 3.2.1 (/opt/ros/humble/share/cv_bridge/cmake)
-- Found referee_pkg: 0.0.0 (/home/zoupeng/Vision_Arena_2025/install/referee_pkg/share/referee_pkg/cmake)
-- Found pose_msg: 0.0.0 (/home/zoupeng/Vision_Arena_2025/install/pose_msg/share/pose_msg/cmake)
-- Configuring done
-- Generating done
-- Build files have been written to: /home/zoupeng/teamclimber_workspace/build/teamclimber_challenge
[35m[1mConsolidate compiler generated dependencies of target vision_node[0m
[ 16%] [32mBuilding CXX object CMakeFiles/vision_node.dir/src/vision_node.cpp.o[0m
[ 33%] [32mBuilding CXX object CMakeFiles/vision_node.dir/src/image_deal.cpp.o[0m
[ 50%] [32mBuilding CXX object CMakeFiles/vision_node.dir/src/shape_tools.cpp.o[0m
In file included from [01m[K/home/zoupeng/teamclimber_workspace/src/teamclimber_challenge/include/image_deal.h:19[m[K,
                 from [01m[K/home/zoupeng/teamclimber_workspace/src/teamclimber_challenge/src/image_deal.cpp:1[m[K:
[01m[K/home/zoupeng/teamclimber_workspace/src/teamclimber_challenge/include/shape_tools.h:32:120:[m[K [01;31m[Kerror: [m[Kexpected ‘[01m[K;[m[K’ at end of member declaration
   32 |     static std::vector<cv::Point2f> calculateArmor2DCorners(float bound_tlx, float bound_tly, float width, float height[01;31m[K)[m[K
      |                                                                                                                        [01;31m[K^[m[K
      |                                                                                                                         [32m[K;[m[K
In file included from [01m[K/home/zoupeng/teamclimber_workspace/src/teamclimber_challenge/include/image_deal.h:19[m[K,
                 from [01m[K/home/zoupeng/teamclimber_workspace/src/teamclimber_challenge/src/vision_node.cpp:16[m[K:
[01m[K/home/zoupeng/teamclimber_workspace/src/teamclimber_challenge/include/shape_tools.h:32:120:[m[K [01;31m[Kerror: [m[Kexpected ‘[01m[K;[m[K’ at end of member declaration
   32 | r2DCorners(float bound_tlx, float bound_tly, float width, float height[01;31m[K)[m[K
      |                                                                       [01;31m[K^[m[K
      |                                                                        [32m[K;[m[K
In file included from [01m[K/home/zoupeng/teamclimber_workspace/src/teamclimber_challenge/src/shape_tools.cpp:1[m[K:
[01m[K/home/zoupeng/teamclimber_workspace/src/teamclimber_challenge/include/shape_tools.h:32:120:[m[K [01;31m[Kerror: [m[Kexpected ‘[01m[K;[m[K’ at end of member declaration
   32 |     static std::vector<cv::Point2f> calculateArmor2DCorners(float bound_tlx, float bound_tly, float width, float height[01;31m[K)[m[K
      |                                                                                                                        [01;31m[K^[m[K
      |                                                                                                                         [32m[K;[m[K
[01m[K/home/zoupeng/teamclimber_workspace/src/teamclimber_challenge/src/shape_tools.cpp:[m[K In member function ‘[01m[Kdouble shape_tools::calculateLowTanElevation(double, double, double, double, double)[m[K’:
[01m[K/home/zoupeng/teamclimber_workspace/src/teamclimber_challenge/src/shape_tools.cpp:67:82:[m[K [01;31m[Kerror: [m[Kexpected ‘[01m[K,[m[K’ or ‘[01m[K;[m[K’ before ‘[01m[K)[m[K’ token
   67 |     double discriminant = v0 * v0 * v0 * v0 - 2 * g * z * v0 * v0 - g * g * r * r[01;31m[K)[m[K;
      |                                                                                  [01;31m[K^[m[K
[01m[K/home/zoupeng/teamclimber_workspace/src/teamclimber_challenge/src/image_deal.cpp:[m[K In member function ‘[01m[Kvoid vision_node::callback_camera(sensor_msgs::msg::Image_<std::allocator<void> >::SharedPtr)[m[K’:
[01m[K/home/zoupeng/teamclimber_workspace/src/teamclimber_challenge/src/image_deal.cpp:68:22:[m[K [01;31m[Kerror: [m[K‘[01m[Ksphere_red_low1[m[K’ was not declared in this scope
   68 |     cv::inRange(hsv, [01;31m[Ksphere_red_low1[m[K, sphere_red_high1, mask1);
      |                      [01;31m[K^~~~~~~~~~~~~~~[m[K
[01m[K/home/zoupeng/teamclimber_workspace/src/teamclimber_challenge/src/image_deal.cpp:68:39:[m[K [01;31m[Kerror: [m[K‘[01m[Ksphere_red_high1[m[K’ was not declared in this scope
   68 |     cv::inRange(hsv, sphere_red_low1, [01;31m[Ksphere_red_high1[m[K, mask1);
      |                                       [01;31m[K^~~~~~~~~~~~~~~~[m[K
[01m[K/home/zoupeng/teamclimber_workspace/src/teamclimber_challenge/src/image_deal.cpp:69:22:[m[K [01;31m[Kerror: [m[K‘[01m[Ksphere_red_low2[m[K’ was not declared in this scope
   69 |     cv::inRange(hsv, [01;31m[Ksphere_red_low2[m[K, sphere_red_high2, mask2);
      |                      [01;31m[K^~~~~~~~~~~~~~~[m[K
[01m[K/home/zoupeng/teamclimber_workspace/src/teamclimber_challenge/src/image_deal.cpp:69:39:[m[K [01;31m[Kerror: [m[K‘[01m[Ksphere_red_high2[m[K’ was not declared in this scope
   69 |     cv::inRange(hsv, sphere_red_low2, [01;31m[Ksphere_red_high2[m[K, mask2);
      |                                       [01;31m[K^~~~~~~~~~~~~~~~[m[K
[01m[K/home/zoupeng/teamclimber_workspace/src/teamclimber_challenge/src/image_deal.cpp:70:5:[m[K [01;31m[Kerror: [m[K‘[01m[Kmask_red[m[K’ was not declared in this scope
   70 |     [01;31m[Kmask_red[m[K = mask1 | mask2;
      |     [01;31m[K^~~~~~~~[m[K
[01m[K/home/zoupeng/teamclimber_workspace/src/teamclimber_challenge/src/image_deal.cpp:152:22:[m[K [01;31m[Kerror: [m[K‘[01m[Krect_cyan_low[m[K’ was not declared in this scope
  152 |     cv::inRange(hsv, [01;31m[Krect_cyan_low[m[K, rect_cyan_high, cyan_mask);
      |                      [01;31m[K^~~~~~~~~~~~~[m[K
[01m[K/home/zoupeng/teamclimber_workspace/src/teamclimber_challenge/src/image_deal.cpp:152:37:[m[K [01;31m[Kerror: [m[K‘[01m[Krect_cyan_high[m[K’ was not declared in this scope
  152 |     cv::inRange(hsv, rect_cyan_low, [01;31m[Krect_cyan_high[m[K, cyan_mask);
      |                                     [01;31m[K^~~~~~~~~~~~~~[m[K
[01m[K/home/zoupeng/teamclimber_workspace/src/teamclimber_challenge/src/image_deal.cpp:169:18:[m[K [01;31m[Kerror: [m[K‘[01m[Krect_min_area[m[K’ was not declared in this scope
  169 |       if (area < [01;31m[Krect_min_area[m[K)
      |                  [01;31m[K^~~~~~~~~~~~~[m[K
[01m[K/home/zoupeng/teamclimber_workspace/src/teamclimber_challenge/src/image_deal.cpp:178:48:[m[K [01;31m[Kerror: [m[K‘[01m[Kapprox_eps_ratio[m[K’ was not declared in this scope
  178 |       cv::approxPolyDP(cyan_contours[i], poly, [01;31m[Kapprox_eps_ratio[m[K * peri, true);
      |                                                [01;31m[K^~~~~~~~~~~~~~~~[m[K
[01m[K/home/zoupeng/teamclimber_workspace/src/teamclimber_challenge/src/image_deal.cpp:193:19:[m[K [01;31m[Kerror: [m[K‘[01m[Krect_min_ratio[m[K’ was not declared in this scope
  193 |       if (ratio < [01;31m[Krect_min_ratio[m[K || ratio > rect_max_ratio)
      |                   [01;31m[K^~~~~~~~~~~~~~[m[K
[01m[K/home/zoupeng/teamclimber_workspace/src/teamclimber_challenge/src/image_deal.cpp:193:45:[m[K [01;31m[Kerror: [m[K‘[01m[Krect_max_ratio[m[K’ was not declared in this scope
  193 |       if (ratio < rect_min_ratio || ratio > [01;31m[Krect_max_ratio[m[K)
      |                                             [01;31m[K^~~~~~~~~~~~~~[m[K
gmake[2]: *** [CMakeFiles/vision_node.dir/build.make:565：CMakeFiles/vision_node.dir/src/shape_tools.cpp.o] 错误 1
gmake[2]: *** 正在等待未完成的任务....
gmake[2]: *** [CMakeFiles/vision_node.dir/build.make:537：CMakeFiles/vision_node.dir/src/vision_node.cpp.o] 错误 1
gmake[2]: *** [CMakeFiles/vision_node.dir/build.make:551：CMakeFiles/vision_node.dir/src/image_deal.cpp.o] 错误 1
gmake[1]: *** [CMakeFiles/Makefile2:137：CMakeFiles/vision_node.dir/all] 错误 2
gmake: *** [Makefile:146：all] 错误 2
