In file included from [01m[K/opt/ros/humble/include/rclcpp/rclcpp/logging.hpp:24[m[K,
                 from [01m[K/opt/ros/humble/include/rclcpp/rclcpp/client.hpp:40[m[K,
                 from [01m[K/opt/ros/humble/include/rclcpp/rclcpp/callback_group.hpp:24[m[K,
                 from [01m[K/opt/ros/humble/include/rclcpp/rclcpp/any_executable.hpp:20[m[K,
                 from [01m[K/opt/ros/humble/include/rclcpp/rclcpp/memory_strategy.hpp:25[m[K,
                 from [01m[K/opt/ros/humble/include/rclcpp/rclcpp/memory_strategies.hpp:18[m[K,
                 from [01m[K/opt/ros/humble/include/rclcpp/rclcpp/executor_options.hpp:20[m[K,
                 from [01m[K/opt/ros/humble/include/rclcpp/rclcpp/executor.hpp:37[m[K,
                 from [01m[K/opt/ros/humble/include/rclcpp/rclcpp/executors/multi_threaded_executor.hpp:25[m[K,
                 from [01m[K/opt/ros/humble/include/rclcpp/rclcpp/executors.hpp:21[m[K,
                 from [01m[K/opt/ros/humble/include/rclcpp/rclcpp/rclcpp.hpp:155[m[K,
                 from [01m[K/home/zoupeng/teamclimber_workspace/src/teamclimber_challenge/include/image_deal.h:13[m[K,
                 from [01m[K/home/zoupeng/teamclimber_workspace/src/teamclimber_challenge/src/image_deal.cpp:1[m[K:
[01m[K/home/zoupeng/teamclimber_workspace/src/teamclimber_challenge/src/image_deal.cpp:[m[K In member function ‘[01m[Kvoid vision_node::callback_camera(sensor_msgs::msg::Image_<std::allocator<void> >::SharedPtr)[m[K’:
[01m[K/home/zoupeng/teamclimber_workspace/src/teamclimber_challenge/src/image_deal.cpp:245:37:[m[K [01;35m[Kwarning: [m[Kformat ‘[01m[K%u[m[K’ expects argument of type ‘[01m[Kunsigned int[m[K’, but argument 5 has type ‘[01m[Kstd::vector<DetectedObject>::size_type[m[K’ {aka ‘[01m[Klong unsigned int[m[K’} [[01;35m[K]8;;https://gcc.gnu.org/onlinedocs/gcc/Warning-Options.html#index-Wformat=-Wformat=]8;;[m[K]
  245 |     RCLCPP_INFO(this->get_logger(), [01;35m[K"Published %u total targets"[m[K, [32m[Kall_detected_objects.size()[m[K);
      |                                     [01;35m[K^~~~~~~~~~~~~~~~~~~~~~~~~~~~[m[K  [32m[K~~~~~~~~~~~~~~~~~~~~~~~~~~~[m[K
      |                                                                                            [32m[K|[m[K
      |                                                                                            [32m[Kstd::vector<DetectedObject>::size_type {aka long unsigned int}[m[K
[01m[K/home/zoupeng/teamclimber_workspace/src/teamclimber_challenge/src/image_deal.cpp:245:49:[m[K [01;36m[Knote: [m[Kformat string is defined here
  245 |     RCLCPP_INFO(this->get_logger(), "Published [01;36m[K%u[m[K total targets", all_detected_objects.size());
      |                                                [01;36m[K~^[m[K
      |                                                 [01;36m[K|[m[K
      |                                                 [01;36m[Kunsigned int[m[K
      |                                                [32m[K%lu[m[K
/usr/bin/ld: warning: libopencv_imgproc.so.4.5d, needed by /opt/ros/humble/lib/libcv_bridge.so, may conflict with libopencv_imgproc.so.405
/usr/bin/ld: warning: libopencv_core.so.4.5d, needed by /opt/ros/humble/lib/libcv_bridge.so, may conflict with libopencv_core.so.405
