[0.075s] DEBUG:colcon:Command line arguments: ['/usr/bin/colcon', 'build', '--packages-select', 'teamclimber_challenge']
[0.075s] DEBUG:colcon:Parsed command line arguments: Namespace(log_base=None, log_level=None, verb_name='build', build_base='build', install_base='install', merge_install=False, symlink_install=False, test_result_base=None, continue_on_error=False, executor='parallel', parallel_workers=32, event_handlers=None, ignore_user_meta=False, metas=['./colcon.meta'], base_paths=['.'], packages_ignore=None, packages_ignore_regex=None, paths=None, packages_up_to=None, packages_up_to_regex=None, packages_above=None, packages_above_and_dependencies=None, packages_above_depth=None, packages_select_by_dep=None, packages_skip_by_dep=None, packages_skip_up_to=None, packages_select_build_failed=False, packages_skip_build_finished=False, packages_select_test_failures=False, packages_skip_test_passed=False, packages_select=['teamclimber_challenge'], packages_skip=None, packages_select_regex=None, packages_skip_regex=None, packages_start=None, packages_end=None, allow_overriding=[], cmake_args=None, cmake_target=None, cmake_target_skip_unavailable=False, cmake_clean_cache=False, cmake_clean_first=False, cmake_force_configure=False, ament_cmake_args=None, catkin_cmake_args=None, catkin_skip_building_tests=False, verb_parser=<colcon_defaults.argument_parser.defaults.DefaultArgumentsDecorator object at 0x71c025a28220>, verb_extension=<colcon_core.verb.build.BuildVerb object at 0x71c0259ff130>, main=<bound method BuildVerb.main of <colcon_core.verb.build.BuildVerb object at 0x71c0259ff130>>)
[0.184s] Level 1:colcon.colcon_core.package_discovery:discover_packages(colcon_meta) check parameters
[0.184s] Level 1:colcon.colcon_core.package_discovery:discover_packages(recursive) check parameters
[0.184s] Level 1:colcon.colcon_core.package_discovery:discover_packages(ignore) check parameters
[0.184s] Level 1:colcon.colcon_core.package_discovery:discover_packages(path) check parameters
[0.184s] Level 1:colcon.colcon_core.package_discovery:discover_packages(colcon_meta) discover
[0.184s] Level 1:colcon.colcon_core.package_discovery:discover_packages(recursive) discover
[0.184s] INFO:colcon.colcon_core.package_discovery:Crawling recursively for packages in '/home/zoupeng/teamclimber_workspace'
[0.184s] Level 1:colcon.colcon_core.package_identification:_identify(.) by extensions ['ignore', 'ignore_ament_install']
[0.184s] Level 1:colcon.colcon_core.package_identification:_identify(.) by extension 'ignore'
[0.184s] Level 1:colcon.colcon_core.package_identification:_identify(.) by extension 'ignore_ament_install'
[0.184s] Level 1:colcon.colcon_core.package_identification:_identify(.) by extensions ['colcon_pkg']
[0.184s] Level 1:colcon.colcon_core.package_identification:_identify(.) by extension 'colcon_pkg'
[0.184s] Level 1:colcon.colcon_core.package_identification:_identify(.) by extensions ['colcon_meta']
[0.184s] Level 1:colcon.colcon_core.package_identification:_identify(.) by extension 'colcon_meta'
[0.184s] Level 1:colcon.colcon_core.package_identification:_identify(.) by extensions ['ros']
[0.184s] Level 1:colcon.colcon_core.package_identification:_identify(.) by extension 'ros'
[0.192s] Level 1:colcon.colcon_core.package_identification:_identify(.) by extensions ['cmake', 'python']
[0.193s] Level 1:colcon.colcon_core.package_identification:_identify(.) by extension 'cmake'
[0.193s] Level 1:colcon.colcon_core.package_identification:_identify(.) by extension 'python'
[0.193s] Level 1:colcon.colcon_core.package_identification:_identify(.) by extensions ['python_setup_py']
[0.193s] Level 1:colcon.colcon_core.package_identification:_identify(.) by extension 'python_setup_py'
[0.193s] Level 1:colcon.colcon_core.package_identification:_identify(build) by extensions ['ignore', 'ignore_ament_install']
[0.193s] Level 1:colcon.colcon_core.package_identification:_identify(build) by extension 'ignore'
[0.193s] Level 1:colcon.colcon_core.package_identification:_identify(build) ignored
[0.193s] Level 1:colcon.colcon_core.package_identification:_identify(install) by extensions ['ignore', 'ignore_ament_install']
[0.193s] Level 1:colcon.colcon_core.package_identification:_identify(install) by extension 'ignore'
[0.193s] Level 1:colcon.colcon_core.package_identification:_identify(install) ignored
[0.193s] Level 1:colcon.colcon_core.package_identification:_identify(log) by extensions ['ignore', 'ignore_ament_install']
[0.193s] Level 1:colcon.colcon_core.package_identification:_identify(log) by extension 'ignore'
[0.193s] Level 1:colcon.colcon_core.package_identification:_identify(log) ignored
[0.193s] Level 1:colcon.colcon_core.package_identification:_identify(src) by extensions ['ignore', 'ignore_ament_install']
[0.193s] Level 1:colcon.colcon_core.package_identification:_identify(src) by extension 'ignore'
[0.193s] Level 1:colcon.colcon_core.package_identification:_identify(src) by extension 'ignore_ament_install'
[0.193s] Level 1:colcon.colcon_core.package_identification:_identify(src) by extensions ['colcon_pkg']
[0.193s] Level 1:colcon.colcon_core.package_identification:_identify(src) by extension 'colcon_pkg'
[0.193s] Level 1:colcon.colcon_core.package_identification:_identify(src) by extensions ['colcon_meta']
[0.193s] Level 1:colcon.colcon_core.package_identification:_identify(src) by extension 'colcon_meta'
[0.193s] Level 1:colcon.colcon_core.package_identification:_identify(src) by extensions ['ros']
[0.193s] Level 1:colcon.colcon_core.package_identification:_identify(src) by extension 'ros'
[0.193s] Level 1:colcon.colcon_core.package_identification:_identify(src) by extensions ['cmake', 'python']
[0.193s] Level 1:colcon.colcon_core.package_identification:_identify(src) by extension 'cmake'
[0.193s] Level 1:colcon.colcon_core.package_identification:_identify(src) by extension 'python'
[0.193s] Level 1:colcon.colcon_core.package_identification:_identify(src) by extensions ['python_setup_py']
[0.194s] Level 1:colcon.colcon_core.package_identification:_identify(src) by extension 'python_setup_py'
[0.194s] Level 1:colcon.colcon_core.package_identification:_identify(src/teamclimber_challenge) by extensions ['ignore', 'ignore_ament_install']
[0.194s] Level 1:colcon.colcon_core.package_identification:_identify(src/teamclimber_challenge) by extension 'ignore'
[0.194s] Level 1:colcon.colcon_core.package_identification:_identify(src/teamclimber_challenge) by extension 'ignore_ament_install'
[0.194s] Level 1:colcon.colcon_core.package_identification:_identify(src/teamclimber_challenge) by extensions ['colcon_pkg']
[0.194s] Level 1:colcon.colcon_core.package_identification:_identify(src/teamclimber_challenge) by extension 'colcon_pkg'
[0.194s] Level 1:colcon.colcon_core.package_identification:_identify(src/teamclimber_challenge) by extensions ['colcon_meta']
[0.194s] Level 1:colcon.colcon_core.package_identification:_identify(src/teamclimber_challenge) by extension 'colcon_meta'
[0.194s] Level 1:colcon.colcon_core.package_identification:_identify(src/teamclimber_challenge) by extensions ['ros']
[0.194s] Level 1:colcon.colcon_core.package_identification:_identify(src/teamclimber_challenge) by extension 'ros'
[0.196s] DEBUG:colcon.colcon_core.package_identification:Package 'src/teamclimber_challenge' with type 'ros.ament_cmake' and name 'teamclimber_challenge'
[0.196s] Level 1:colcon.colcon_core.package_discovery:discover_packages(recursive) using defaults
[0.196s] Level 1:colcon.colcon_core.package_discovery:discover_packages(ignore) discover
[0.196s] Level 1:colcon.colcon_core.package_discovery:discover_packages(ignore) using defaults
[0.196s] Level 1:colcon.colcon_core.package_discovery:discover_packages(path) discover
[0.196s] Level 1:colcon.colcon_core.package_discovery:discover_packages(path) using defaults
[0.210s] Level 1:colcon.colcon_core.package_discovery:discover_packages(prefix_path) check parameters
[0.210s] Level 1:colcon.colcon_core.package_discovery:discover_packages(prefix_path) discover
[0.212s] DEBUG:colcon.colcon_installed_package_information.package_discovery:Found 6 installed packages in /home/zoupeng/Vision_Arena_2025/install
[0.213s] DEBUG:colcon.colcon_installed_package_information.package_discovery:Found 1 installed packages in /home/zoupeng/teamclimber_workspace/install
[0.214s] DEBUG:colcon.colcon_installed_package_information.package_discovery:Found 320 installed packages in /opt/ros/humble
[0.228s] Level 1:colcon.colcon_core.package_discovery:discover_packages(prefix_path) using defaults
[0.255s] Level 5:colcon.colcon_core.verb:set package 'teamclimber_challenge' build argument 'cmake_args' from command line to 'None'
[0.255s] Level 5:colcon.colcon_core.verb:set package 'teamclimber_challenge' build argument 'cmake_target' from command line to 'None'
[0.255s] Level 5:colcon.colcon_core.verb:set package 'teamclimber_challenge' build argument 'cmake_target_skip_unavailable' from command line to 'False'
[0.255s] Level 5:colcon.colcon_core.verb:set package 'teamclimber_challenge' build argument 'cmake_clean_cache' from command line to 'False'
[0.255s] Level 5:colcon.colcon_core.verb:set package 'teamclimber_challenge' build argument 'cmake_clean_first' from command line to 'False'
[0.255s] Level 5:colcon.colcon_core.verb:set package 'teamclimber_challenge' build argument 'cmake_force_configure' from command line to 'False'
[0.255s] Level 5:colcon.colcon_core.verb:set package 'teamclimber_challenge' build argument 'ament_cmake_args' from command line to 'None'
[0.255s] Level 5:colcon.colcon_core.verb:set package 'teamclimber_challenge' build argument 'catkin_cmake_args' from command line to 'None'
[0.255s] Level 5:colcon.colcon_core.verb:set package 'teamclimber_challenge' build argument 'catkin_skip_building_tests' from command line to 'False'
[0.255s] DEBUG:colcon.colcon_core.verb:Building package 'teamclimber_challenge' with the following arguments: {'ament_cmake_args': None, 'build_base': '/home/zoupeng/teamclimber_workspace/build/teamclimber_challenge', 'catkin_cmake_args': None, 'catkin_skip_building_tests': False, 'cmake_args': None, 'cmake_clean_cache': False, 'cmake_clean_first': False, 'cmake_force_configure': False, 'cmake_target': None, 'cmake_target_skip_unavailable': False, 'install_base': '/home/zoupeng/teamclimber_workspace/install/teamclimber_challenge', 'merge_install': False, 'path': '/home/zoupeng/teamclimber_workspace/src/teamclimber_challenge', 'symlink_install': False, 'test_result_base': None}
[0.255s] INFO:colcon.colcon_core.executor:Executing jobs using 'parallel' executor
[0.256s] DEBUG:colcon.colcon_parallel_executor.executor.parallel:run_until_complete
[0.256s] INFO:colcon.colcon_ros.task.ament_cmake.build:Building ROS package in '/home/zoupeng/teamclimber_workspace/src/teamclimber_challenge' with build type 'ament_cmake'
[0.256s] INFO:colcon.colcon_cmake.task.cmake.build:Building CMake package in '/home/zoupeng/teamclimber_workspace/src/teamclimber_challenge'
[0.258s] INFO:colcon.colcon_core.plugin_system:Skipping extension 'colcon_core.shell.bat': Not used on non-Windows systems
[0.258s] INFO:colcon.colcon_core.shell:Skip shell extension 'powershell' for command environment: Not usable outside of PowerShell
[0.258s] DEBUG:colcon.colcon_core.shell:Skip shell extension 'dsv' for command environment
[0.265s] DEBUG:colcon.colcon_core.event_handler.log_command:Invoking command in '/home/zoupeng/teamclimber_workspace/build/teamclimber_challenge': CMAKE_PREFIX_PATH=${CMAKE_PREFIX_PATH}:/opt/ros/humble /usr/bin/cmake --build /home/zoupeng/teamclimber_workspace/build/teamclimber_challenge -- -j32 -l32
[4.332s] DEBUG:colcon.colcon_core.event_handler.log_command:Invoked command in '/home/zoupeng/teamclimber_workspace/build/teamclimber_challenge' returned '0': CMAKE_PREFIX_PATH=${CMAKE_PREFIX_PATH}:/opt/ros/humble /usr/bin/cmake --build /home/zoupeng/teamclimber_workspace/build/teamclimber_challenge -- -j32 -l32
[4.340s] DEBUG:colcon.colcon_core.event_handler.log_command:Invoking command in '/home/zoupeng/teamclimber_workspace/build/teamclimber_challenge': CMAKE_PREFIX_PATH=${CMAKE_PREFIX_PATH}:/opt/ros/humble /usr/bin/cmake --install /home/zoupeng/teamclimber_workspace/build/teamclimber_challenge
[4.351s] Level 1:colcon.colcon_core.environment:create_environment_scripts_only(teamclimber_challenge)
[4.351s] DEBUG:colcon.colcon_core.event_handler.log_command:Invoked command in '/home/zoupeng/teamclimber_workspace/build/teamclimber_challenge' returned '0': CMAKE_PREFIX_PATH=${CMAKE_PREFIX_PATH}:/opt/ros/humble /usr/bin/cmake --install /home/zoupeng/teamclimber_workspace/build/teamclimber_challenge
[4.353s] Level 1:colcon.colcon_core.environment:checking '/home/zoupeng/teamclimber_workspace/install/teamclimber_challenge' for CMake module files
[4.353s] Level 1:colcon.colcon_core.environment:checking '/home/zoupeng/teamclimber_workspace/install/teamclimber_challenge' for CMake config files
[4.353s] Level 1:colcon.colcon_core.shell:create_environment_hook('teamclimber_challenge', 'cmake_prefix_path')
[4.354s] INFO:colcon.colcon_core.shell:Creating environment hook '/home/zoupeng/teamclimber_workspace/install/teamclimber_challenge/share/teamclimber_challenge/hook/cmake_prefix_path.ps1'
[4.354s] INFO:colcon.colcon_core.shell:Creating environment descriptor '/home/zoupeng/teamclimber_workspace/install/teamclimber_challenge/share/teamclimber_challenge/hook/cmake_prefix_path.dsv'
[4.354s] INFO:colcon.colcon_core.shell:Creating environment hook '/home/zoupeng/teamclimber_workspace/install/teamclimber_challenge/share/teamclimber_challenge/hook/cmake_prefix_path.sh'
[4.355s] Level 1:colcon.colcon_core.environment:checking '/home/zoupeng/teamclimber_workspace/install/teamclimber_challenge/lib'
[4.355s] Level 1:colcon.colcon_core.environment:checking '/home/zoupeng/teamclimber_workspace/install/teamclimber_challenge/bin'
[4.355s] Level 1:colcon.colcon_core.environment:checking '/home/zoupeng/teamclimber_workspace/install/teamclimber_challenge/lib/pkgconfig/teamclimber_challenge.pc'
[4.355s] Level 1:colcon.colcon_core.environment:checking '/home/zoupeng/teamclimber_workspace/install/teamclimber_challenge/lib/python3.10/site-packages'
[4.355s] Level 1:colcon.colcon_core.environment:checking '/home/zoupeng/teamclimber_workspace/install/teamclimber_challenge/bin'
[4.355s] INFO:colcon.colcon_core.shell:Creating package script '/home/zoupeng/teamclimber_workspace/install/teamclimber_challenge/share/teamclimber_challenge/package.ps1'
[4.356s] INFO:colcon.colcon_core.shell:Creating package descriptor '/home/zoupeng/teamclimber_workspace/install/teamclimber_challenge/share/teamclimber_challenge/package.dsv'
[4.356s] INFO:colcon.colcon_core.shell:Creating package script '/home/zoupeng/teamclimber_workspace/install/teamclimber_challenge/share/teamclimber_challenge/package.sh'
[4.356s] INFO:colcon.colcon_core.shell:Creating package script '/home/zoupeng/teamclimber_workspace/install/teamclimber_challenge/share/teamclimber_challenge/package.bash'
[4.357s] INFO:colcon.colcon_core.shell:Creating package script '/home/zoupeng/teamclimber_workspace/install/teamclimber_challenge/share/teamclimber_challenge/package.zsh'
[4.357s] Level 1:colcon.colcon_core.environment:create_file_with_runtime_dependencies(/home/zoupeng/teamclimber_workspace/install/teamclimber_challenge/share/colcon-core/packages/teamclimber_challenge)
[4.357s] Level 1:colcon.colcon_core.environment:create_environment_scripts_only(teamclimber_challenge)
[4.357s] Level 1:colcon.colcon_core.environment:checking '/home/zoupeng/teamclimber_workspace/install/teamclimber_challenge' for CMake module files
[4.357s] Level 1:colcon.colcon_core.environment:checking '/home/zoupeng/teamclimber_workspace/install/teamclimber_challenge' for CMake config files
[4.358s] Level 1:colcon.colcon_core.shell:create_environment_hook('teamclimber_challenge', 'cmake_prefix_path')
[4.358s] INFO:colcon.colcon_core.shell:Creating environment hook '/home/zoupeng/teamclimber_workspace/install/teamclimber_challenge/share/teamclimber_challenge/hook/cmake_prefix_path.ps1'
[4.358s] INFO:colcon.colcon_core.shell:Creating environment descriptor '/home/zoupeng/teamclimber_workspace/install/teamclimber_challenge/share/teamclimber_challenge/hook/cmake_prefix_path.dsv'
[4.358s] INFO:colcon.colcon_core.shell:Creating environment hook '/home/zoupeng/teamclimber_workspace/install/teamclimber_challenge/share/teamclimber_challenge/hook/cmake_prefix_path.sh'
[4.358s] Level 1:colcon.colcon_core.environment:checking '/home/zoupeng/teamclimber_workspace/install/teamclimber_challenge/lib'
[4.358s] Level 1:colcon.colcon_core.environment:checking '/home/zoupeng/teamclimber_workspace/install/teamclimber_challenge/bin'
[4.358s] Level 1:colcon.colcon_core.environment:checking '/home/zoupeng/teamclimber_workspace/install/teamclimber_challenge/lib/pkgconfig/teamclimber_challenge.pc'
[4.359s] Level 1:colcon.colcon_core.environment:checking '/home/zoupeng/teamclimber_workspace/install/teamclimber_challenge/lib/python3.10/site-packages'
[4.359s] Level 1:colcon.colcon_core.environment:checking '/home/zoupeng/teamclimber_workspace/install/teamclimber_challenge/bin'
[4.359s] INFO:colcon.colcon_core.shell:Creating package script '/home/zoupeng/teamclimber_workspace/install/teamclimber_challenge/share/teamclimber_challenge/package.ps1'
[4.359s] INFO:colcon.colcon_core.shell:Creating package descriptor '/home/zoupeng/teamclimber_workspace/install/teamclimber_challenge/share/teamclimber_challenge/package.dsv'
[4.359s] INFO:colcon.colcon_core.shell:Creating package script '/home/zoupeng/teamclimber_workspace/install/teamclimber_challenge/share/teamclimber_challenge/package.sh'
[4.359s] INFO:colcon.colcon_core.shell:Creating package script '/home/zoupeng/teamclimber_workspace/install/teamclimber_challenge/share/teamclimber_challenge/package.bash'
[4.360s] INFO:colcon.colcon_core.shell:Creating package script '/home/zoupeng/teamclimber_workspace/install/teamclimber_challenge/share/teamclimber_challenge/package.zsh'
[4.360s] Level 1:colcon.colcon_core.environment:create_file_with_runtime_dependencies(/home/zoupeng/teamclimber_workspace/install/teamclimber_challenge/share/colcon-core/packages/teamclimber_challenge)
[4.360s] DEBUG:colcon.colcon_parallel_executor.executor.parallel:closing loop
[4.360s] DEBUG:colcon.colcon_parallel_executor.executor.parallel:loop closed
[4.360s] DEBUG:colcon.colcon_parallel_executor.executor.parallel:run_until_complete finished with '0'
[4.360s] DEBUG:colcon.colcon_core.event_reactor:joining thread
[4.363s] INFO:colcon.colcon_core.plugin_system:Skipping extension 'colcon_notification.desktop_notification.terminal_notifier': Not used on non-Darwin systems
[4.363s] INFO:colcon.colcon_core.plugin_system:Skipping extension 'colcon_notification.desktop_notification.win32': Not used on non-Windows systems
[4.363s] INFO:colcon.colcon_notification.desktop_notification:Sending desktop notification using 'notify2'
[4.370s] DEBUG:colcon.colcon_core.event_reactor:joined thread
[4.370s] INFO:colcon.colcon_core.shell:Creating prefix script '/home/zoupeng/teamclimber_workspace/install/local_setup.ps1'
[4.371s] INFO:colcon.colcon_core.shell:Creating prefix util module '/home/zoupeng/teamclimber_workspace/install/_local_setup_util_ps1.py'
[4.372s] INFO:colcon.colcon_core.shell:Creating prefix chain script '/home/zoupeng/teamclimber_workspace/install/setup.ps1'
[4.372s] INFO:colcon.colcon_core.shell:Creating prefix script '/home/zoupeng/teamclimber_workspace/install/local_setup.sh'
[4.372s] INFO:colcon.colcon_core.shell:Creating prefix util module '/home/zoupeng/teamclimber_workspace/install/_local_setup_util_sh.py'
[4.373s] INFO:colcon.colcon_core.shell:Creating prefix chain script '/home/zoupeng/teamclimber_workspace/install/setup.sh'
[4.373s] INFO:colcon.colcon_core.shell:Creating prefix script '/home/zoupeng/teamclimber_workspace/install/local_setup.bash'
[4.373s] INFO:colcon.colcon_core.shell:Creating prefix chain script '/home/zoupeng/teamclimber_workspace/install/setup.bash'
[4.374s] INFO:colcon.colcon_core.shell:Creating prefix script '/home/zoupeng/teamclimber_workspace/install/local_setup.zsh'
[4.374s] INFO:colcon.colcon_core.shell:Creating prefix chain script '/home/zoupeng/teamclimber_workspace/install/setup.zsh'
