[35m[1mConsolidate compiler generated dependencies of target vision_node[0m
[ 16%] [32mBuilding CXX object CMakeFiles/vision_node.dir/src/vision_node.cpp.o[0m
[ 33%] [32mBuilding CXX object CMakeFiles/vision_node.dir/src/image_deal.cpp.o[0m
[01m[K/home/zoupeng/teamclimber_workspace/src/teamclimber_challenge/src/image_deal.cpp:[m[K In member function ‘[01m[Kvoid vision_node::callback_camera(sensor_msgs::msg::Image_<std::allocator<void> >::SharedPtr)[m[K’:
[01m[K/home/zoupeng/teamclimber_workspace/src/teamclimber_challenge/src/image_deal.cpp:68:70:[m[K [01;31m[Kerror: [m[Kno match for ‘[01m[Koperator=[m[K’ (operand types are ‘[01m[Kcv::Mat[m[K’ and ‘[01m[Kvoid[m[K’)
   68 |     mask1 = cv::inRange(hsv, sphere_red_low1, sphere_red_high1, mask1[01;31m[K)[m[K;
      |                                                                      [01;31m[K^[m[K
In file included from [01m[K/usr/local/include/opencv4/opencv2/core.hpp:58[m[K,
                 from [01m[K/home/zoupeng/teamclimber_workspace/src/teamclimber_challenge/include/image_deal.h:7[m[K,
                 from [01m[K/home/zoupeng/teamclimber_workspace/src/teamclimber_challenge/src/image_deal.cpp:1[m[K:
[01m[K/usr/local/include/opencv4/opencv2/core/mat.hpp:1064:10:[m[K [01;36m[Knote: [m[Kcandidate: ‘[01m[Kcv::Mat& cv::Mat::operator=(const cv::Mat&)[m[K’
 1064 |     Mat& [01;36m[Koperator[m[K = (const Mat& m);
      |          [01;36m[K^~~~~~~~[m[K
[01m[K/usr/local/include/opencv4/opencv2/core/mat.hpp:1064:33:[m[K [01;36m[Knote: [m[K  no known conversion for argument 1 from ‘[01m[Kvoid[m[K’ to ‘[01m[Kconst cv::Mat&[m[K’
 1064 |     Mat& operator = ([01;36m[Kconst Mat& m[m[K);
      |                      [01;36m[K~~~~~~~~~~~^[m[K
In file included from [01m[K/usr/local/include/opencv4/opencv2/core/mat.hpp:3764[m[K,
                 from [01m[K/usr/local/include/opencv4/opencv2/core.hpp:58[m[K,
                 from [01m[K/home/zoupeng/teamclimber_workspace/src/teamclimber_challenge/include/image_deal.h:7[m[K,
                 from [01m[K/home/zoupeng/teamclimber_workspace/src/teamclimber_challenge/src/image_deal.cpp:1[m[K:
[01m[K/usr/local/include/opencv4/opencv2/core/mat.inl.hpp:3008:6:[m[K [01;36m[Knote: [m[Kcandidate: ‘[01m[Kcv::Mat& cv::Mat::operator=(const cv::MatExpr&)[m[K’
 3008 | Mat& [01;36m[KMat[m[K::operator = (const MatExpr& e)
      |      [01;36m[K^~~[m[K
[01m[K/usr/local/include/opencv4/opencv2/core/mat.inl.hpp:3008:38:[m[K [01;36m[Knote: [m[K  no known conversion for argument 1 from ‘[01m[Kvoid[m[K’ to ‘[01m[Kconst cv::MatExpr&[m[K’
 3008 | Mat& Mat::operator = ([01;36m[Kconst MatExpr& e[m[K)
      |                       [01;36m[K~~~~~~~~~~~~~~~^[m[K
In file included from [01m[K/usr/local/include/opencv4/opencv2/core.hpp:58[m[K,
                 from [01m[K/home/zoupeng/teamclimber_workspace/src/teamclimber_challenge/include/image_deal.h:7[m[K,
                 from [01m[K/home/zoupeng/teamclimber_workspace/src/teamclimber_challenge/src/image_deal.cpp:1[m[K:
[01m[K/usr/local/include/opencv4/opencv2/core/mat.hpp:1251:10:[m[K [01;36m[Knote: [m[Kcandidate: ‘[01m[Kcv::Mat& cv::Mat::operator=(const Scalar&)[m[K’
 1251 |     Mat& [01;36m[Koperator[m[K = (const Scalar& s);
      |          [01;36m[K^~~~~~~~[m[K
[01m[K/usr/local/include/opencv4/opencv2/core/mat.hpp:1251:36:[m[K [01;36m[Knote: [m[K  no known conversion for argument 1 from ‘[01m[Kvoid[m[K’ to ‘[01m[Kconst Scalar&[m[K’ {aka ‘[01m[Kconst cv::Scalar_<double>&[m[K’}
 1251 |     Mat& operator = ([01;36m[Kconst Scalar& s[m[K);
      |                      [01;36m[K~~~~~~~~~~~~~~^[m[K
[01m[K/usr/local/include/opencv4/opencv2/core/mat.hpp:2092:10:[m[K [01;36m[Knote: [m[Kcandidate: ‘[01m[Kcv::Mat& cv::Mat::operator=(cv::Mat&&)[m[K’
 2092 |     Mat& [01;36m[Koperator[m[K = (Mat&& m);
      |          [01;36m[K^~~~~~~~[m[K
[01m[K/usr/local/include/opencv4/opencv2/core/mat.hpp:2092:28:[m[K [01;36m[Knote: [m[K  no known conversion for argument 1 from ‘[01m[Kvoid[m[K’ to ‘[01m[Kcv::Mat&&[m[K’
 2092 |     Mat& operator = ([01;36m[KMat&& m[m[K);
      |                      [01;36m[K~~~~~~^[m[K
[01m[K/home/zoupeng/teamclimber_workspace/src/teamclimber_challenge/src/image_deal.cpp:69:70:[m[K [01;31m[Kerror: [m[Kno match for ‘[01m[Koperator=[m[K’ (operand types are ‘[01m[Kcv::Mat[m[K’ and ‘[01m[Kvoid[m[K’)
   69 |     mask2 = cv::inRange(hsv, sphere_red_low2, sphere_red_high2, mask2[01;31m[K)[m[K;
      |                                                                      [01;31m[K^[m[K
In file included from [01m[K/usr/local/include/opencv4/opencv2/core.hpp:58[m[K,
                 from [01m[K/home/zoupeng/teamclimber_workspace/src/teamclimber_challenge/include/image_deal.h:7[m[K,
                 from [01m[K/home/zoupeng/teamclimber_workspace/src/teamclimber_challenge/src/image_deal.cpp:1[m[K:
[01m[K/usr/local/include/opencv4/opencv2/core/mat.hpp:1064:10:[m[K [01;36m[Knote: [m[Kcandidate: ‘[01m[Kcv::Mat& cv::Mat::operator=(const cv::Mat&)[m[K’
 1064 |     Mat& [01;36m[Koperator[m[K = (const Mat& m);
      |          [01;36m[K^~~~~~~~[m[K
[01m[K/usr/local/include/opencv4/opencv2/core/mat.hpp:1064:33:[m[K [01;36m[Knote: [m[K  no known conversion for argument 1 from ‘[01m[Kvoid[m[K’ to ‘[01m[Kconst cv::Mat&[m[K’
 1064 |     Mat& operator = ([01;36m[Kconst Mat& m[m[K);
      |                      [01;36m[K~~~~~~~~~~~^[m[K
In file included from [01m[K/usr/local/include/opencv4/opencv2/core/mat.hpp:3764[m[K,
                 from [01m[K/usr/local/include/opencv4/opencv2/core.hpp:58[m[K,
                 from [01m[K/home/zoupeng/teamclimber_workspace/src/teamclimber_challenge/include/image_deal.h:7[m[K,
                 from [01m[K/home/zoupeng/teamclimber_workspace/src/teamclimber_challenge/src/image_deal.cpp:1[m[K:
[01m[K/usr/local/include/opencv4/opencv2/core/mat.inl.hpp:3008:6:[m[K [01;36m[Knote: [m[Kcandidate: ‘[01m[Kcv::Mat& cv::Mat::operator=(const cv::MatExpr&)[m[K’
 3008 | Mat& [01;36m[KMat[m[K::operator = (const MatExpr& e)
      |      [01;36m[K^~~[m[K
[01m[K/usr/local/include/opencv4/opencv2/core/mat.inl.hpp:3008:38:[m[K [01;36m[Knote: [m[K  no known conversion for argument 1 from ‘[01m[Kvoid[m[K’ to ‘[01m[Kconst cv::MatExpr&[m[K’
 3008 | Mat& Mat::operator = ([01;36m[Kconst MatExpr& e[m[K)
      |                       [01;36m[K~~~~~~~~~~~~~~~^[m[K
In file included from [01m[K/usr/local/include/opencv4/opencv2/core.hpp:58[m[K,
                 from [01m[K/home/zoupeng/teamclimber_workspace/src/teamclimber_challenge/include/image_deal.h:7[m[K,
                 from [01m[K/home/zoupeng/teamclimber_workspace/src/teamclimber_challenge/src/image_deal.cpp:1[m[K:
[01m[K/usr/local/include/opencv4/opencv2/core/mat.hpp:1251:10:[m[K [01;36m[Knote: [m[Kcandidate: ‘[01m[Kcv::Mat& cv::Mat::operator=(const Scalar&)[m[K’
 1251 |     Mat& [01;36m[Koperator[m[K = (const Scalar& s);
      |          [01;36m[K^~~~~~~~[m[K
[01m[K/usr/local/include/opencv4/opencv2/core/mat.hpp:1251:36:[m[K [01;36m[Knote: [m[K  no known conversion for argument 1 from ‘[01m[Kvoid[m[K’ to ‘[01m[Kconst Scalar&[m[K’ {aka ‘[01m[Kconst cv::Scalar_<double>&[m[K’}
 1251 |     Mat& operator = ([01;36m[Kconst Scalar& s[m[K);
      |                      [01;36m[K~~~~~~~~~~~~~~^[m[K
[01m[K/usr/local/include/opencv4/opencv2/core/mat.hpp:2092:10:[m[K [01;36m[Knote: [m[Kcandidate: ‘[01m[Kcv::Mat& cv::Mat::operator=(cv::Mat&&)[m[K’
 2092 |     Mat& [01;36m[Koperator[m[K = (Mat&& m);
      |          [01;36m[K^~~~~~~~[m[K
[01m[K/usr/local/include/opencv4/opencv2/core/mat.hpp:2092:28:[m[K [01;36m[Knote: [m[K  no known conversion for argument 1 from ‘[01m[Kvoid[m[K’ to ‘[01m[Kcv::Mat&&[m[K’
 2092 |     Mat& operator = ([01;36m[KMat&& m[m[K);
      |                      [01;36m[K~~~~~~^[m[K
gmake[2]: *** [CMakeFiles/vision_node.dir/build.make:551：CMakeFiles/vision_node.dir/src/image_deal.cpp.o] 错误 1
gmake[2]: *** 正在等待未完成的任务....
gmake[1]: *** [CMakeFiles/Makefile2:137：CMakeFiles/vision_node.dir/all] 错误 2
gmake: *** [Makefile:146：all] 错误 2
