[0.008s] Invoking command in '/home/zoupeng/teamclimber_workspace/build/teamclimber_challenge': CMAKE_PREFIX_PATH=${CMAKE_PREFIX_PATH}:/opt/ros/humble /usr/bin/cmake --build /home/zoupeng/teamclimber_workspace/build/teamclimber_challenge -- -j32 -l32
[0.054s] [35m[1mConsolidate compiler generated dependencies of target vision_node[0m
[0.076s] [ 16%] [32mBuilding CXX object CMakeFiles/vision_node.dir/src/image_deal.cpp.o[0m
[3.361s] [ 33%] [32m[1mLinking CXX executable vision_node[0m
[3.580s] /usr/bin/ld: warning: libopencv_imgproc.so.4.5d, needed by /opt/ros/humble/lib/libcv_bridge.so, may conflict with libopencv_imgproc.so.405
[3.581s] /usr/bin/ld: warning: libopencv_core.so.4.5d, needed by /opt/ros/humble/lib/libcv_bridge.so, may conflict with libopencv_core.so.405
[3.904s] [100%] Built target vision_node
[3.912s] Invoked command in '/home/zoupeng/teamclimber_workspace/build/teamclimber_challenge' returned '0': CMAKE_PREFIX_PATH=${CMAKE_PREFIX_PATH}:/opt/ros/humble /usr/bin/cmake --build /home/zoupeng/teamclimber_workspace/build/teamclimber_challenge -- -j32 -l32
[3.920s] Invoking command in '/home/zoupeng/teamclimber_workspace/build/teamclimber_challenge': CMAKE_PREFIX_PATH=${CMAKE_PREFIX_PATH}:/opt/ros/humble /usr/bin/cmake --install /home/zoupeng/teamclimber_workspace/build/teamclimber_challenge
[3.926s] -- Install configuration: ""
[3.926s] -- Installing: /home/zoupeng/teamclimber_workspace/install/teamclimber_challenge/lib/teamclimber_challenge/vision_node
[3.929s] -- Set runtime path of "/home/zoupeng/teamclimber_workspace/install/teamclimber_challenge/lib/teamclimber_challenge/vision_node" to ""
[3.929s] -- Up-to-date: /home/zoupeng/teamclimber_workspace/install/teamclimber_challenge/share/teamclimber_challenge/launch
[3.930s] -- Up-to-date: /home/zoupeng/teamclimber_workspace/install/teamclimber_challenge/share/teamclimber_challenge/launch/vision.launch.py
[3.930s] -- Installing: /home/zoupeng/teamclimber_workspace/install/teamclimber_challenge/share/teamclimber_challenge/launch/shooter.launch.py
[3.930s] -- Up-to-date: /home/zoupeng/teamclimber_workspace/install/teamclimber_challenge/share/ament_index/resource_index/package_run_dependencies/teamclimber_challenge
[3.930s] -- Installing: /home/zoupeng/teamclimber_workspace/install/teamclimber_challenge/share/ament_index/resource_index/parent_prefix_path/teamclimber_challenge
[3.930s] -- Up-to-date: /home/zoupeng/teamclimber_workspace/install/teamclimber_challenge/share/teamclimber_challenge/environment/ament_prefix_path.sh
[3.930s] -- Installing: /home/zoupeng/teamclimber_workspace/install/teamclimber_challenge/share/teamclimber_challenge/environment/ament_prefix_path.dsv
[3.930s] -- Up-to-date: /home/zoupeng/teamclimber_workspace/install/teamclimber_challenge/share/teamclimber_challenge/environment/path.sh
[3.930s] -- Installing: /home/zoupeng/teamclimber_workspace/install/teamclimber_challenge/share/teamclimber_challenge/environment/path.dsv
[3.930s] -- Up-to-date: /home/zoupeng/teamclimber_workspace/install/teamclimber_challenge/share/teamclimber_challenge/local_setup.bash
[3.930s] -- Up-to-date: /home/zoupeng/teamclimber_workspace/install/teamclimber_challenge/share/teamclimber_challenge/local_setup.sh
[3.930s] -- Up-to-date: /home/zoupeng/teamclimber_workspace/install/teamclimber_challenge/share/teamclimber_challenge/local_setup.zsh
[3.930s] -- Installing: /home/zoupeng/teamclimber_workspace/install/teamclimber_challenge/share/teamclimber_challenge/local_setup.dsv
[3.930s] -- Installing: /home/zoupeng/teamclimber_workspace/install/teamclimber_challenge/share/teamclimber_challenge/package.dsv
[3.930s] -- Up-to-date: /home/zoupeng/teamclimber_workspace/install/teamclimber_challenge/share/ament_index/resource_index/packages/teamclimber_challenge
[3.930s] -- Up-to-date: /home/zoupeng/teamclimber_workspace/install/teamclimber_challenge/share/teamclimber_challenge/cmake/teamclimber_challengeConfig.cmake
[3.930s] -- Up-to-date: /home/zoupeng/teamclimber_workspace/install/teamclimber_challenge/share/teamclimber_challenge/cmake/teamclimber_challengeConfig-version.cmake
[3.930s] -- Up-to-date: /home/zoupeng/teamclimber_workspace/install/teamclimber_challenge/share/teamclimber_challenge/package.xml
[3.932s] Invoked command in '/home/zoupeng/teamclimber_workspace/build/teamclimber_challenge' returned '0': CMAKE_PREFIX_PATH=${CMAKE_PREFIX_PATH}:/opt/ros/humble /usr/bin/cmake --install /home/zoupeng/teamclimber_workspace/build/teamclimber_challenge
